Using pre-set license
Built from '2022.2/staging' branch; Version is '2022.2.6f1 (10bfa6201ced) revision 1097638'; Using compiler version '192829333'; Build Type 'Release'
OS: 'Windows 10  (10.0.19045) 64bit Professional' Language: 'ru' Physical Memory: 15741 MB
BatchMode: 1, IsHumanControllingUs: 0, StartBugReporterOnCrash: 0, Is64bit: 1, IsPro: 1

COMMAND LINE ARGUMENTS:
E:\UnityHub\Editor\Unity 2022.2.6f1\Editor\Unity.exe
-adb2
-batchMode
-noUpm
-name
AssetImportWorker1
-projectPath
G:/_GitHub/Race/My project
-logFile
Logs/AssetImportWorker1.log
-srvPort
58710
Successfully changed project path to: G:/_GitHub/Race/My project
G:/_GitHub/Race/My project
[UnityMemory] Configuration Parameters - Can be set up in boot.config
    "memorysetup-bucket-allocator-granularity=16"
    "memorysetup-bucket-allocator-bucket-count=8"
    "memorysetup-bucket-allocator-block-size=33554432"
    "memorysetup-bucket-allocator-block-count=8"
    "memorysetup-main-allocator-block-size=16777216"
    "memorysetup-thread-allocator-block-size=16777216"
    "memorysetup-gfx-main-allocator-block-size=16777216"
    "memorysetup-gfx-thread-allocator-block-size=16777216"
    "memorysetup-cache-allocator-block-size=4194304"
    "memorysetup-typetree-allocator-block-size=2097152"
    "memorysetup-profiler-bucket-allocator-granularity=16"
    "memorysetup-profiler-bucket-allocator-bucket-count=8"
    "memorysetup-profiler-bucket-allocator-block-size=33554432"
    "memorysetup-profiler-bucket-allocator-block-count=8"
    "memorysetup-profiler-allocator-block-size=16777216"
    "memorysetup-profiler-editor-allocator-block-size=1048576"
    "memorysetup-temp-allocator-size-main=16777216"
    "memorysetup-job-temp-allocator-block-size=2097152"
    "memorysetup-job-temp-allocator-block-size-background=1048576"
    "memorysetup-job-temp-allocator-reduction-small-platforms=262144"
    "memorysetup-temp-allocator-size-background-worker=32768"
    "memorysetup-temp-allocator-size-job-worker=262144"
    "memorysetup-temp-allocator-size-preload-manager=33554432"
    "memorysetup-temp-allocator-size-nav-mesh-worker=65536"
    "memorysetup-temp-allocator-size-audio-worker=65536"
    "memorysetup-temp-allocator-size-cloud-worker=32768"
    "memorysetup-temp-allocator-size-gi-baking-worker=262144"
    "memorysetup-temp-allocator-size-gfx=262144"
Player connection [2212] Host "[IP] 172.27.32.1 [Port] 0 [Flags] 2 [Guid] 3473553617 [EditorId] 3473553617 [Version] 1048832 [Id] WindowsEditor(7,DESKTOP-4NQ24QL) [Debug] 1 [PackageName] WindowsEditor [ProjectName] Editor" joined multi-casting on [225.0.0.222:54997]...

Player connection [2212] Host "[IP] 172.27.32.1 [Port] 0 [Flags] 2 [Guid] 3473553617 [EditorId] 3473553617 [Version] 1048832 [Id] WindowsEditor(7,DESKTOP-4NQ24QL) [Debug] 1 [PackageName] WindowsEditor [ProjectName] Editor" joined alternative multi-casting on [225.0.0.222:34997]...

Refreshing native plugins compatible for Editor in 6.53 ms, found 3 plugins.
Preloading 0 native plugins for Editor in 0.00 ms.
Initialize engine version: 2022.2.6f1 (10bfa6201ced)
[Subsystems] Discovering subsystems at path E:/UnityHub/Editor/Unity 2022.2.6f1/Editor/Data/Resources/UnitySubsystems
[Subsystems] Discovering subsystems at path G:/_GitHub/Race/My project/Assets
GfxDevice: creating device client; threaded=0; jobified=0
Direct3D:
    Version:  Direct3D 11.0 [level 11.1]
    Renderer: NVIDIA GeForce GTX 1650 Ti (ID=0x1f95)
    Vendor:   NVIDIA
    VRAM:     3950 MB
    Driver:   31.0.15.4633
Initialize mono
Mono path[0] = 'E:/UnityHub/Editor/Unity 2022.2.6f1/Editor/Data/Managed'
Mono path[1] = 'E:/UnityHub/Editor/Unity 2022.2.6f1/Editor/Data/MonoBleedingEdge/lib/mono/unityjit-win32'
Mono config path = 'E:/UnityHub/Editor/Unity 2022.2.6f1/Editor/Data/MonoBleedingEdge/etc'
Using monoOptions --debugger-agent=transport=dt_socket,embedding=1,server=y,suspend=n,address=127.0.0.1:56736
Begin MonoManager ReloadAssembly
Registering precompiled unity dll's ...
Register platform support module: E:/UnityHub/Editor/Unity 2022.2.6f1/Editor/Data/PlaybackEngines/WindowsStandaloneSupport/UnityEditor.WindowsStandalone.Extensions.dll
Registered in 0.003951 seconds.
- Loaded All Assemblies, in  0.383 seconds
Native extension for WindowsStandalone target not found
Mono: successfully reloaded assembly
- Finished resetting the current domain, in  0.343 seconds
Domain Reload Profiling:
	ReloadAssembly (221ms)
		BeginReloadAssembly (98ms)
			ExecutionOrderSort (0ms)
			DisableScriptedObjects (0ms)
			BackupInstance (0ms)
			ReleaseScriptingObjects (0ms)
			CreateAndSetChildDomain (1ms)
		LoadAllAssembliesAndSetupDomain (0ms)
			LoadAssemblies (97ms)
			RebuildTransferFunctionScriptingTraits (0ms)
			SetupTypeCache (159ms)
				TypeCache.Initialize (158ms)
					TypeCache.ScanAssembly (155ms)
				ResolveRequiredComponents (1ms)
		FinalizeReload (0ms)
			ReleaseScriptCaches (0ms)
			RebuildScriptCaches (0ms)
			SetupLoadedEditorAssemblies (267ms)
				LogAssemblyErrors (0ms)
				InitializePlatformSupportModulesInManaged (12ms)
				SetLoadedEditorAssemblies (11ms)
				RefreshPlugins (0ms)
				BeforeProcessingInitializeOnLoad (1ms)
				ProcessInitializeOnLoadAttributes (191ms)
				ProcessInitializeOnLoadMethodAttributes (52ms)
				AfterProcessingInitializeOnLoad (0ms)
				EditorAssembliesLoaded (0ms)
			ExecutionOrderSort2 (0ms)
			AwakeInstancesAfterBackupRestoration (0ms)
========================================================================
Worker process is ready to serve import requests
Begin MonoManager ReloadAssembly
Symbol file LoadedFromMemory doesn't match image G:\_GitHub\Race\My project\Library\PackageCache\com.unity.visualscripting@1.8.0\Editor\VisualScripting.Core\Dependencies\YamlDotNet\Unity.VisualScripting.YamlDotNet.dll
Symbol file LoadedFromMemory doesn't match image G:\_GitHub\Race\My project\Library\PackageCache\com.unity.visualscripting@1.8.0\Editor\VisualScripting.Core\Dependencies\DotNetZip\Unity.VisualScripting.IonicZip.dll
- Loaded All Assemblies, in  0.874 seconds
Refreshing native plugins compatible for Editor in 1.97 ms, found 3 plugins.
Native extension for WindowsStandalone target not found
Package Manager log level set to [2]
[Package Manager] Server::EnsureServerProcessIsRunning -- launch failed, reason: Unity was launched with the -noUpm command-line argument
[Package Manager] UpmClient::Send -- Unable to send message (not connected to UPM process).
[Package Manager] Cannot connect to Unity Package Manager local server
Mono: successfully reloaded assembly
- Finished resetting the current domain, in  0.496 seconds
Domain Reload Profiling:
	ReloadAssembly (229ms)
		BeginReloadAssembly (128ms)
			ExecutionOrderSort (0ms)
			DisableScriptedObjects (6ms)
			BackupInstance (0ms)
			ReleaseScriptingObjects (0ms)
			CreateAndSetChildDomain (25ms)
		LoadAllAssembliesAndSetupDomain (646ms)
			LoadAssemblies (272ms)
			RebuildTransferFunctionScriptingTraits (0ms)
			SetupTypeCache (432ms)
				TypeCache.Initialize (302ms)
					TypeCache.ScanAssembly (296ms)
				ResolveRequiredComponents (5ms)
		FinalizeReload (0ms)
			ReleaseScriptCaches (0ms)
			RebuildScriptCaches (0ms)
			SetupLoadedEditorAssemblies (336ms)
				LogAssemblyErrors (0ms)
				InitializePlatformSupportModulesInManaged (5ms)
				SetLoadedEditorAssemblies (3ms)
				RefreshPlugins (0ms)
				BeforeProcessingInitializeOnLoad (50ms)
				ProcessInitializeOnLoadAttributes (256ms)
				ProcessInitializeOnLoadMethodAttributes (19ms)
				AfterProcessingInitializeOnLoad (2ms)
				EditorAssembliesLoaded (0ms)
			ExecutionOrderSort2 (0ms)
			AwakeInstancesAfterBackupRestoration (6ms)
Launched and connected shader compiler UnityShaderCompiler.exe after 0.05 seconds
Refreshing native plugins compatible for Editor in 1.70 ms, found 3 plugins.
Preloading 0 native plugins for Editor in 0.00 ms.
Unloading 3114 Unused Serialized files (Serialized files now loaded: 0)
Unloading 26 unused Assets / (71.7 KB). Loaded Objects now: 3726.
Memory consumption went from 501.9 MB to 501.8 MB.
Total: 4.011300 ms (FindLiveObjects: 0.344400 ms CreateObjectMapping: 0.109500 ms MarkObjects: 3.404300 ms  DeleteObjects: 0.151500 ms)

AssetImportParameters requested are different than current active one (requested -> active):
  custom:container-demuxer-ogg: 62fdf1f143b41e24485cea50d1cbac27 -> 
  custom:video-decoder-ogg-theora: a1e56fd34408186e4bbccfd4996cb3dc -> 
  custom:framework-win-MediaFoundation: 216162199b28c13a410421893ffa2e32 -> 
  custom:container-demuxer-webm: 4f35f7cbe854078d1ac9338744f61a02 -> 
  custom:container-muxer-webm: aa71ff27fc2769a1b78a27578f13a17b -> 
  custom:video-decoder-webm-vp8: 9c59270c3fd7afecdb556c50c9e8de78 -> 
  custom:AudioImporter_EditorPlatform: d09bf68614088b80899f8185d706f6e7 -> 
  custom:video-encoder-webm-vp8: eb34c28f22e8b96e1ab97ce403110664 -> 
  custom:audio-decoder-ogg-vorbis: bf7c407c2cedff20999df2af8eb42d56 -> 
  custom:audio-encoder-webm-vorbis: bf7c407c2cedff20999df2af8eb42d56 -> 
========================================================================
Received Import Request.
  Time since last request: 9431.165814 seconds.
  path: Assets/Scenes/Demo.unity
  artifactKey: Guid(9789e29865be3414080f478abfc4aa71) Importer(815301076,1909f56bfc062723c751e8b465ee728b)
Start importing Assets/Scenes/Demo.unity using Guid(9789e29865be3414080f478abfc4aa71) Importer(815301076,1909f56bfc062723c751e8b465ee728b)  -> (artifact id: '74db0e297b4e71f518c767eacc0d55c3') in 0.002033 seconds 
Number of updated asset objects reloaded before import = 0
Number of asset objects unloaded after import = 0
========================================================================
Received Import Request.
  Time since last request: 19.155748 seconds.
  path: Assets/FreeMountain/Skybox/skybox_down.psd
  artifactKey: Guid(1b733cade4c3ad644b02226637e1cd09) Importer(815301076,1909f56bfc062723c751e8b465ee728b)
Start importing Assets/FreeMountain/Skybox/skybox_down.psd using Guid(1b733cade4c3ad644b02226637e1cd09) Importer(815301076,1909f56bfc062723c751e8b465ee728b)  -> (artifact id: '56e181c8cfe2f616a70909fb5da41d9a') in 0.074266 seconds 
Number of updated asset objects reloaded before import = 0
Number of asset objects unloaded after import = 2
========================================================================
Received Import Request.
  Time since last request: 0.000026 seconds.
  path: Assets/FreeMountain/Skybox/skybox_up.psd
  artifactKey: Guid(a6202455a7a564340b2dd1deb92aaa75) Importer(815301076,1909f56bfc062723c751e8b465ee728b)
Start importing Assets/FreeMountain/Skybox/skybox_up.psd using Guid(a6202455a7a564340b2dd1deb92aaa75) Importer(815301076,1909f56bfc062723c751e8b465ee728b)  -> (artifact id: 'c2639183dae55c7568d05ddb10322210') in 0.016470 seconds 
Number of updated asset objects reloaded before import = 0
Number of asset objects unloaded after import = 2
========================================================================
Received Import Request.
  Time since last request: 137.971054 seconds.
  path: Assets/GrassFlowers/Textures/GrassFlowers/grass02.tga
  artifactKey: Guid(cf3069941001b5c46b1f13d4551d0fd9) Importer(815301076,1909f56bfc062723c751e8b465ee728b)
Start importing Assets/GrassFlowers/Textures/GrassFlowers/grass02.tga using Guid(cf3069941001b5c46b1f13d4551d0fd9) Importer(815301076,1909f56bfc062723c751e8b465ee728b)  -> (artifact id: '6dc915e33686247e2af182e7d0c89cd4') in 0.024518 seconds 
Number of updated asset objects reloaded before import = 0
Number of asset objects unloaded after import = 2
========================================================================
Received Import Request.
  Time since last request: 0.000036 seconds.
  path: Assets/GrassFlowers/Textures/GrassFlowers/grassFlower03.tga
  artifactKey: Guid(c6bde8cacfa93444fa98152cb9e36815) Importer(815301076,1909f56bfc062723c751e8b465ee728b)
Start importing Assets/GrassFlowers/Textures/GrassFlowers/grassFlower03.tga using Guid(c6bde8cacfa93444fa98152cb9e36815) Importer(815301076,1909f56bfc062723c751e8b465ee728b)  -> (artifact id: 'd1b23bea205cfab5535795668acb33ad') in 0.017627 seconds 
Number of updated asset objects reloaded before import = 0
Number of asset objects unloaded after import = 2
========================================================================
Received Import Request.
  Time since last request: 0.000044 seconds.
  path: Assets/GrassFlowers/Textures/GrassFlowers/grassFlower04.tga
  artifactKey: Guid(5c744e80ad52c884c9ac4c9139b3aaae) Importer(815301076,1909f56bfc062723c751e8b465ee728b)
Start importing Assets/GrassFlowers/Textures/GrassFlowers/grassFlower04.tga using Guid(5c744e80ad52c884c9ac4c9139b3aaae) Importer(815301076,1909f56bfc062723c751e8b465ee728b)  -> (artifact id: 'a5ef348da4d3f40020066aa48124387d') in 0.017661 seconds 
Number of updated asset objects reloaded before import = 0
Number of asset objects unloaded after import = 2
========================================================================
Received Import Request.
  Time since last request: 0.000031 seconds.
  path: Assets/GrassFlowers/Textures/GrassFlowers/grassFlower08.tga
  artifactKey: Guid(8900a35e436818940b97df26c3a8a1aa) Importer(815301076,1909f56bfc062723c751e8b465ee728b)
Start importing Assets/GrassFlowers/Textures/GrassFlowers/grassFlower08.tga using Guid(8900a35e436818940b97df26c3a8a1aa) Importer(815301076,1909f56bfc062723c751e8b465ee728b)  -> (artifact id: '0fa2b01ac860c7b42db79f2a1eca63d6') in 0.016409 seconds 
Number of updated asset objects reloaded before import = 0
Number of asset objects unloaded after import = 2
========================================================================
Received Import Request.
  Time since last request: 0.000032 seconds.
  path: Assets/GrassFlowers/Textures/GrassFlowers/grassFlower01.tga
  artifactKey: Guid(5733619f617fd954cac22d3d11fd1b93) Importer(815301076,1909f56bfc062723c751e8b465ee728b)
Start importing Assets/GrassFlowers/Textures/GrassFlowers/grassFlower01.tga using Guid(5733619f617fd954cac22d3d11fd1b93) Importer(815301076,1909f56bfc062723c751e8b465ee728b)  -> (artifact id: '45ef2caa3d3e0271e5a652f1e6a8a69d') in 0.016313 seconds 
Number of updated asset objects reloaded before import = 0
Number of asset objects unloaded after import = 2
========================================================================
Received Import Request.
  Time since last request: 0.000025 seconds.
  path: Assets/GrassFlowers/Textures/GrassFlowers/grassFlower09.tga
  artifactKey: Guid(d238efbd27bc5ae4ead9839995f74830) Importer(815301076,1909f56bfc062723c751e8b465ee728b)
Start importing Assets/GrassFlowers/Textures/GrassFlowers/grassFlower09.tga using Guid(d238efbd27bc5ae4ead9839995f74830) Importer(815301076,1909f56bfc062723c751e8b465ee728b)  -> (artifact id: 'a6a7af40ae37f80238b2a89b73ed1319') in 0.015711 seconds 
Number of updated asset objects reloaded before import = 0
Number of asset objects unloaded after import = 2
========================================================================
Received Import Request.
  Time since last request: 19.051591 seconds.
  path: Assets/Handpainted_Grass_and_Ground_Textures/Demo/TerrainData_c5dafd93-705c-4d64-84cb-678ba7246350.asset
  artifactKey: Guid(f4c146b62c0ea9b47bd95b1a8167a82f) Importer(815301076,1909f56bfc062723c751e8b465ee728b)
Start importing Assets/Handpainted_Grass_and_Ground_Textures/Demo/TerrainData_c5dafd93-705c-4d64-84cb-678ba7246350.asset using Guid(f4c146b62c0ea9b47bd95b1a8167a82f) Importer(815301076,1909f56bfc062723c751e8b465ee728b)  -> (artifact id: '03e36dd31ab43717603338a15e275ade') in 0.029939 seconds 
Number of updated asset objects reloaded before import = 0
Number of asset objects unloaded after import = 3
========================================================================
Received Import Request.
  Time since last request: 111.749528 seconds.
  path: Assets/Tree9/bark14_N.png
  artifactKey: Guid(81f1d63919f88a547a8d97fe857cc586) Importer(815301076,1909f56bfc062723c751e8b465ee728b)
Start importing Assets/Tree9/bark14_N.png using Guid(81f1d63919f88a547a8d97fe857cc586) Importer(815301076,1909f56bfc062723c751e8b465ee728b)  -> (artifact id: '06d092dd27e7615a281e68ede2368fdc') in 0.039230 seconds 
Number of updated asset objects reloaded before import = 0
Number of asset objects unloaded after import = 2
========================================================================
Received Import Request.
  Time since last request: 3.452076 seconds.
  path: Assets/Tree9/Tree9_1_Textures/normal_specular.png
  artifactKey: Guid(34bf97c9a44d6a24e9aad37f9f1e5e3d) Importer(815301076,1909f56bfc062723c751e8b465ee728b)
Start importing Assets/Tree9/Tree9_1_Textures/normal_specular.png using Guid(34bf97c9a44d6a24e9aad37f9f1e5e3d) Importer(815301076,1909f56bfc062723c751e8b465ee728b)  -> (artifact id: '0ec0c25408f8250c72a6ff2ea6c57a61') in 0.022004 seconds 
Number of updated asset objects reloaded before import = 0
Number of asset objects unloaded after import = 2
========================================================================
Received Import Request.
  Time since last request: 0.000024 seconds.
  path: Assets/Tree9/Tree9_1_Textures/translucency_gloss.png
  artifactKey: Guid(f61dbef0d12d35f4b9fbf8cfded48f9a) Importer(815301076,1909f56bfc062723c751e8b465ee728b)
Start importing Assets/Tree9/Tree9_1_Textures/translucency_gloss.png using Guid(f61dbef0d12d35f4b9fbf8cfded48f9a) Importer(815301076,1909f56bfc062723c751e8b465ee728b)  -> (artifact id: 'd8cee09aeaf74e2ed7612b194574c3bf') in 0.025710 seconds 
Number of updated asset objects reloaded before import = 0
Number of asset objects unloaded after import = 2
Editor requested this worker to shutdown with reason: Scaling down because of idle timeout
TcpMessagingSession - receive error: operation aborted. errorcode: 995, details: ќпераци€ ввода/вывода была прервана из-за завершени€ потока команд или по запросу приложени€.
AssetImportWorker is now disconnected from the server
Process exiting
Exiting without the bug reporter. Application will terminate with return code 0